Determining if the pthread_create exist failed with the following output:
Change Dir: /home/toshiki/ros_ws/build/CMakeFiles/CMakeTmp

Run Build Command:/usr/bin/make "cmTryCompileExec1733059865/fast"
/usr/bin/make -f CMakeFiles/cmTryCompileExec1733059865.dir/build.make CMakeFiles/cmTryCompileExec1733059865.dir/build
make[1]: Entering directory `/home/toshiki/ros_ws/build/CMakeFiles/CMakeTmp'
/usr/bin/cmake -E cmake_progress_report /home/toshiki/ros_ws/build/CMakeFiles/CMakeTmp/CMakeFiles 1
Building C object CMakeFiles/cmTryCompileExec1733059865.dir/CheckSymbolExists.c.o
/usr/bin/cc    -o CMakeFiles/cmTryCompileExec1733059865.dir/CheckSymbolExists.c.o   -c /home/toshiki/ros_ws/build/CMakeFiles/CMakeTmp/CheckSymbolExists.c
Linking C executable cmTryCompileExec1733059865
/usr/bin/cmake -E cmake_link_script CMakeFiles/cmTryCompileExec1733059865.dir/link.txt --verbose=1
/usr/bin/cc       CMakeFiles/cmTryCompileExec1733059865.dir/CheckSymbolExists.c.o  -o cmTryCompileExec1733059865 -rdynamic 
CMakeFiles/cmTryCompileExec1733059865.dir/CheckSymbolExists.c.o: In function `main':
CheckSymbolExists.c:(.text+0x16): undefined reference to `pthread_create'
collect2: error: ld returned 1 exit status
make[1]: Leaving directory `/home/toshiki/ros_ws/build/CMakeFiles/CMakeTmp'
make[1]: *** [cmTryCompileExec1733059865] Error 1
make: *** [cmTryCompileExec1733059865/fast] Error 2

File /home/toshiki/ros_ws/build/CMakeFiles/CMakeTmp/CheckSymbolExists.c:
/* */
#include <pthread.h>

int main(int argc, char** argv)
{
  (void)argv;
#ifndef pthread_create
  return ((int*)(&pthread_create))[argc];
#else
  (void)argc;
  return 0;
#endif
}

Determining if the function pthread_create exists in the pthreads failed with the following output:
Change Dir: /home/toshiki/ros_ws/build/CMakeFiles/CMakeTmp

Run Build Command:/usr/bin/make "cmTryCompileExec536218729/fast"
/usr/bin/make -f CMakeFiles/cmTryCompileExec536218729.dir/build.make CMakeFiles/cmTryCompileExec536218729.dir/build
make[1]: Entering directory `/home/toshiki/ros_ws/build/CMakeFiles/CMakeTmp'
/usr/bin/cmake -E cmake_progress_report /home/toshiki/ros_ws/build/CMakeFiles/CMakeTmp/CMakeFiles 1
Building C object CMakeFiles/cmTryCompileExec536218729.dir/CheckFunctionExists.c.o
/usr/bin/cc   -DCHECK_FUNCTION_EXISTS=pthread_create   -o CMakeFiles/cmTryCompileExec536218729.dir/CheckFunctionExists.c.o   -c /usr/share/cmake-2.8/Modules/CheckFunctionExists.c
Linking C executable cmTryCompileExec536218729
/usr/bin/cmake -E cmake_link_script CMakeFiles/cmTryCompileExec536218729.dir/link.txt --verbose=1
/usr/bin/cc   -DCHECK_FUNCTION_EXISTS=pthread_create    CMakeFiles/cmTryCompileExec536218729.dir/CheckFunctionExists.c.o  -o cmTryCompileExec536218729 -rdynamic -lpthreads 
/usr/bin/ld: cannot find -lpthreads
collect2: error: ld returned 1 exit status
make[1]: *** [cmTryCompileExec536218729] Error 1
make[1]: Leaving directory `/home/toshiki/ros_ws/build/CMakeFiles/CMakeTmp'
make: *** [cmTryCompileExec536218729/fast] Error 2


Determining if the Q_WS_WIN exist failed with the following output:
Change Dir: /home/toshiki/ros_ws/build/CMakeFiles/CMakeTmp

Run Build Command:/usr/bin/make "cmTryCompileExec3177699711/fast"
/usr/bin/make -f CMakeFiles/cmTryCompileExec3177699711.dir/build.make CMakeFiles/cmTryCompileExec3177699711.dir/build
make[1]: Entering directory `/home/toshiki/ros_ws/build/CMakeFiles/CMakeTmp'
/usr/bin/cmake -E cmake_progress_report /home/toshiki/ros_ws/build/CMakeFiles/CMakeTmp/CMakeFiles 1
Building CXX object CMakeFiles/cmTryCompileExec3177699711.dir/CheckSymbolExists.cxx.o
/usr/bin/c++    -I/usr/include/qt4    -o CMakeFiles/cmTryCompileExec3177699711.dir/CheckSymbolExists.cxx.o -c /home/toshiki/ros_ws/build/CMakeFiles/CMakeTmp/CheckSymbolExists.cxx
/home/toshiki/ros_ws/build/CMakeFiles/CMakeTmp/CheckSymbolExists.cxx: In function ‘int main(int, char**)’:
/home/toshiki/ros_ws/build/CMakeFiles/CMakeTmp/CheckSymbolExists.cxx:8:19: error: ‘Q_WS_WIN’ was not declared in this scope
   return ((int*)(&Q_WS_WIN))[argc];
                   ^
make[1]: Leaving directory `/home/toshiki/ros_ws/build/CMakeFiles/CMakeTmp'
make[1]: *** [CMakeFiles/cmTryCompileExec3177699711.dir/CheckSymbolExists.cxx.o] Error 1
make: *** [cmTryCompileExec3177699711/fast] Error 2

File /home/toshiki/ros_ws/build/CMakeFiles/CMakeTmp/CheckSymbolExists.cxx:
/* */
#include <QtCore/qglobal.h>

int main(int argc, char** argv)
{
  (void)argv;
#ifndef Q_WS_WIN
  return ((int*)(&Q_WS_WIN))[argc];
#else
  (void)argc;
  return 0;
#endif
}

Determining if the Q_WS_QWS exist failed with the following output:
Change Dir: /home/toshiki/ros_ws/build/CMakeFiles/CMakeTmp

Run Build Command:/usr/bin/make "cmTryCompileExec1068877748/fast"
/usr/bin/make -f CMakeFiles/cmTryCompileExec1068877748.dir/build.make CMakeFiles/cmTryCompileExec1068877748.dir/build
make[1]: Entering directory `/home/toshiki/ros_ws/build/CMakeFiles/CMakeTmp'
/usr/bin/cmake -E cmake_progress_report /home/toshiki/ros_ws/build/CMakeFiles/CMakeTmp/CMakeFiles 1
Building CXX object CMakeFiles/cmTryCompileExec1068877748.dir/CheckSymbolExists.cxx.o
/usr/bin/c++    -I/usr/include/qt4    -o CMakeFiles/cmTryCompileExec1068877748.dir/CheckSymbolExists.cxx.o -c /home/toshiki/ros_ws/build/CMakeFiles/CMakeTmp/CheckSymbolExists.cxx
/home/toshiki/ros_ws/build/CMakeFiles/CMakeTmp/CheckSymbolExists.cxx: In function ‘int main(int, char**)’:
/home/toshiki/ros_ws/build/CMakeFiles/CMakeTmp/CheckSymbolExists.cxx:8:19: error: ‘Q_WS_QWS’ was not declared in this scope
   return ((int*)(&Q_WS_QWS))[argc];
                   ^
make[1]: Leaving directory `/home/toshiki/ros_ws/build/CMakeFiles/CMakeTmp'
make[1]: *** [CMakeFiles/cmTryCompileExec1068877748.dir/CheckSymbolExists.cxx.o] Error 1
make: *** [cmTryCompileExec1068877748/fast] Error 2

File /home/toshiki/ros_ws/build/CMakeFiles/CMakeTmp/CheckSymbolExists.cxx:
/* */
#include <QtCore/qglobal.h>

int main(int argc, char** argv)
{
  (void)argv;
#ifndef Q_WS_QWS
  return ((int*)(&Q_WS_QWS))[argc];
#else
  (void)argc;
  return 0;
#endif
}

Determining if the Q_WS_MAC exist failed with the following output:
Change Dir: /home/toshiki/ros_ws/build/CMakeFiles/CMakeTmp

Run Build Command:/usr/bin/make "cmTryCompileExec178801683/fast"
/usr/bin/make -f CMakeFiles/cmTryCompileExec178801683.dir/build.make CMakeFiles/cmTryCompileExec178801683.dir/build
make[1]: Entering directory `/home/toshiki/ros_ws/build/CMakeFiles/CMakeTmp'
/usr/bin/cmake -E cmake_progress_report /home/toshiki/ros_ws/build/CMakeFiles/CMakeTmp/CMakeFiles 1
Building CXX object CMakeFiles/cmTryCompileExec178801683.dir/CheckSymbolExists.cxx.o
/usr/bin/c++    -I/usr/include/qt4    -o CMakeFiles/cmTryCompileExec178801683.dir/CheckSymbolExists.cxx.o -c /home/toshiki/ros_ws/build/CMakeFiles/CMakeTmp/CheckSymbolExists.cxx
/home/toshiki/ros_ws/build/CMakeFiles/CMakeTmp/CheckSymbolExists.cxx: In function ‘int main(int, char**)’:
/home/toshiki/ros_ws/build/CMakeFiles/CMakeTmp/CheckSymbolExists.cxx:8:19: error: ‘Q_WS_MAC’ was not declared in this scope
   return ((int*)(&Q_WS_MAC))[argc];
                   ^
make[1]: Leaving directory `/home/toshiki/ros_ws/build/CMakeFiles/CMakeTmp'
make[1]: *** [CMakeFiles/cmTryCompileExec178801683.dir/CheckSymbolExists.cxx.o] Error 1
make: *** [cmTryCompileExec178801683/fast] Error 2

File /home/toshiki/ros_ws/build/CMakeFiles/CMakeTmp/CheckSymbolExists.cxx:
/* */
#include <QtCore/qglobal.h>

int main(int argc, char** argv)
{
  (void)argv;
#ifndef Q_WS_MAC
  return ((int*)(&Q_WS_MAC))[argc];
#else
  (void)argc;
  return 0;
#endif
}

